<?xml version="1.0" encoding="UTF-8"?>
<!-- Generated by org.testng.reporters.JUnitXMLReporter -->
<testsuite ignored="0" hostname="DESKTOP-H0PI4DT" failures="1" tests="1" name="Test" time="20.868" errors="0" timestamp="2023-03-03T10:45:14 IST">
  <testcase classname="tests.LoginTest" name="verifyLoginLogoutFeature" time="8.475">
    <failure type="java.lang.AssertionError" message="expected [Dashboard / nopCommerce administration] but found [Your store. Login]">
      <![CDATA[java.lang.AssertionError: expected [Dashboard / nopCommerce administration] but found [Your store. Login]
at pages.LoginPage.verifyApplicationTitle(LoginPage.java:58)
at tests.LoginTest.verifyLoginLogoutFeature(LoginTest.java:27)
at java.base/java.util.ArrayList.forEach(ArrayList.java:1511)
... Removed 37 stack frames]]>
    </failure>
  </testcase> <!-- verifyLoginLogoutFeature -->
</testsuite> <!-- Test -->
