-------------------------------------------------------------------------------
Test set: TestSuite
-------------------------------------------------------------------------------
Tests run: 1, Failures: 1, Errors: 0, Skipped: 0, Time elapsed: 21.944 s <<< FAILURE! - in TestSuite
tests.LoginTest.verifyLoginLogoutFeature  Time elapsed: 8.425 s  <<< FAILURE!
java.lang.AssertionError: expected [Dashboard / nopCommerce administration] but found [Your store. Login]
	at tests.LoginTest.verifyLoginLogoutFeature(LoginTest.java:27)

